This file contains any messages produced by compilers while
running configure, to aid debugging if configure makes a mistake.

It was created by nanox configure 0.7a, which was
generated by GNU Autoconf 2.63.  Invocation command line was

  $ ./configure --prefix=/home/dprat/Applications/nanosdynamichistory --with-papi=/home/dprat/Applications/papi-5.3.0 --disable-performance --disable-debug

## --------- ##
## Platform. ##
## --------- ##

hostname = ps701n1
uname -m = ppc64
uname -r = 3.6.6-nodscr-1000hz-preempt
uname -s = Linux
uname -v = #1 SMP PREEMPT Fri Nov 16 23:55:59 CET 2012

/usr/bin/uname -p = unknown
/bin/uname -X     = unknown

/bin/arch              = ppc64
/usr/bin/arch -k       = unknown
/usr/convex/getsysinfo = unknown
/usr/bin/hostinfo      = unknown
/bin/machine           = unknown
/usr/bin/oslevel       = unknown
/bin/universe          = unknown

PATH: /home/dprat/Applications/openmpi-1.4.3/bin
PATH: /home/dprat/Applications/mcxxdavidp/bin
PATH: /home/dprat/Applications/openmpi-1.4.3/bin
PATH: /home/dprat/Applications/mcxxdavidp/bin
PATH: /home/dprat/bin
PATH: /usr/local/bin
PATH: /usr/bin
PATH: /bin
PATH: /usr/X11R6/bin
PATH: /usr/games
PATH: /usr/lib/mit/bin
PATH: /usr/lib/mit/sbin
PATH: /usr/local/share/papi-4.1.3/bin
PATH: /home/dprat/Packages/Pygments-1.6/build/scripts-2.6
PATH: /home/dprat/Applications/papi-5.3.0/installation/bin
PATH: /home/dprat/Packages/Pygments-1.6/build/scripts-2.6
PATH: /home/dprat/Applications/papi-5.3.0/installation/bin
PATH: /home/dprat/bin


## ----------- ##
## Core tests. ##
## ----------- ##

configure:2252: checking build system type
configure:2270: result: powerpc64-suse-linux-gnu
configure:2292: checking host system type
configure:2307: result: powerpc64-suse-linux-gnu
configure:2329: checking target system type
configure:2344: result: powerpc64-suse-linux-gnu
configure:2372: checking target system type
configure:2387: result: powerpc64-suse-linux-gnu
configure:2433: checking for a BSD-compatible install
configure:2501: result: /usr/bin/install -c
configure:2512: checking whether build environment is sane
configure:2555: result: yes
configure:2580: checking for a thread-safe mkdir -p
configure:2619: result: /bin/mkdir -p
configure:2632: checking for gawk
configure:2648: found /usr/bin/gawk
configure:2659: result: gawk
configure:2670: checking whether make sets $(MAKE)
configure:2692: result: yes
configure:2951: checking revision of distributed release
configure:2955: result: "git master a298746 2014-01-31 11:17:16 +0100 developer version"
configure:2974: checking for lsb_release
configure:3004: result: no
configure:3017: checking if Nanos++ Allocator has been enabled
configure:3029: result: no
configure:3042: checking if Nanos++ Memtracker has been disabled
configure:3054: result: no
configure:3066: checking for Linux Intel C compiler mode
configure:3078: result: no
configure:3085: checking for Linux IBM C compiler mode
configure:3097: result: no
configure:3104: checking for Linux Intel MIC C compiler mode
configure:3121: result: no
configure:3128: checking for IBM BlueGene/Q mode
configure:3140: result: no
configure:3218: checking for style of include used by make
configure:3246: result: GNU
configure:3316: checking for gcc
configure:3343: result: gcc
configure:3575: checking for C compiler version
configure:3583: gcc --version >&5
gcc (SUSE Linux) 4.7.2 20130108 [gcc-4_7-branch revision 195014]
Copyright (C) 2012 Free Software Foundation, Inc.
This is free software; see the source for copying conditions.  There is NO
warranty; not even for MERCHANTABILITY or FITNESS FOR A PARTICULAR PURPOSE.

configure:3587: $? = 0
configure:3594: gcc -v >&5
Using built-in specs.
COLLECT_GCC=gcc
COLLECT_LTO_WRAPPER=/usr/lib64/gcc/powerpc64-suse-linux/4.7/lto-wrapper
Target: powerpc64-suse-linux
Configured with: ../configure --prefix=/usr --infodir=/usr/share/info --mandir=/usr/share/man --libdir=/usr/lib64 --libexecdir=/usr/lib64 --enable-languages=c,c++,fortran --enable-checking=release --with-gxx-include-dir=/usr/include/c++/4.7 --enable-ssp --disable-libssp --disable-libitm --disable-plugin --with-bugurl=http://bugs.opensuse.org/ --with-pkgversion='SUSE Linux' --disable-libgcj --disable-libmudflap --with-slibdir=/lib64 --with-system-zlib --enable-__cxa_atexit --enable-libstdcxx-allocator=new --disable-libstdcxx-pch --enable-version-specific-runtime-libs --enable-linker-build-id --disable-initfini-array --program-suffix=-4.7 --enable-linux-futex --without-system-libunwind --with-cpu-64=power4 --enable-secureplt --with-long-double-128 --build=powerpc64-suse-linux
Thread model: posix
gcc version 4.7.2 20130108 [gcc-4_7-branch revision 195014] (SUSE Linux) 
configure:3598: $? = 0
configure:3605: gcc -V >&5
gcc: error: unrecognized command line option '-V'
gcc: fatal error: no input files
compilation terminated.
configure:3609: $? = 1
configure:3632: checking for C compiler default output file name
configure:3654: gcc  -DNANOS_DISABLE_ALLOCATOR -DNANOS_MEMTRACKER_ENABLED   conftest.c  >&5
configure:3658: $? = 0
configure:3696: result: a.out
configure:3715: checking whether the C compiler works
configure:3725: ./a.out
configure:3729: $? = 0
configure:3748: result: yes
configure:3755: checking whether we are cross compiling
configure:3757: result: no
configure:3760: checking for suffix of executables
configure:3767: gcc -o conftest  -DNANOS_DISABLE_ALLOCATOR -DNANOS_MEMTRACKER_ENABLED   conftest.c  >&5
configure:3771: $? = 0
configure:3797: result: 
configure:3803: checking for suffix of object files
configure:3829: gcc -c  -DNANOS_DISABLE_ALLOCATOR -DNANOS_MEMTRACKER_ENABLED  conftest.c >&5
configure:3833: $? = 0
configure:3858: result: o
configure:3862: checking whether we are using the GNU C compiler
configure:3891: gcc -c  -DNANOS_DISABLE_ALLOCATOR -DNANOS_MEMTRACKER_ENABLED  conftest.c >&5
configure:3898: $? = 0
configure:3915: result: yes
configure:3924: checking whether gcc accepts -g
configure:3954: gcc -c -g  conftest.c >&5
configure:3961: $? = 0
configure:4062: result: yes
configure:4079: checking for gcc option to accept ISO C89
configure:4153: gcc  -c  -DNANOS_DISABLE_ALLOCATOR -DNANOS_MEMTRACKER_ENABLED  conftest.c >&5
configure:4160: $? = 0
configure:4183: result: none needed
configure:4203: checking dependency style of gcc
configure:4294: result: gcc3
configure:4309: checking for a sed that does not truncate output
configure:4375: result: /usr/bin/sed
configure:4393: checking for grep that handles long lines and -e
configure:4453: result: /usr/bin/grep
configure:4458: checking for egrep
configure:4522: result: /usr/bin/grep -E
configure:4527: checking for fgrep
configure:4591: result: /usr/bin/grep -F
configure:4626: checking for ld used by gcc
configure:4693: result: /usr/powerpc64-suse-linux/bin/ld
configure:4702: checking if the linker (/usr/powerpc64-suse-linux/bin/ld) is GNU ld
configure:4717: result: yes
configure:4729: checking for BSD- or MS-compatible name lister (nm)
configure:4778: result: /usr/bin/nm -B
configure:4896: checking the name lister (/usr/bin/nm -B) interface
configure:4903: gcc -c  -DNANOS_DISABLE_ALLOCATOR -DNANOS_MEMTRACKER_ENABLED  conftest.c >&5
configure:4906: /usr/bin/nm -B "conftest.o"
configure:4909: output
0000000000000000 B some_variable
configure:4916: result: BSD nm
configure:4919: checking whether ln -s works
configure:4923: result: yes
configure:4931: checking the maximum length of command line arguments
configure:5051: result: 3458764513820540925
configure:5068: checking whether the shell understands some XSI constructs
configure:5078: result: yes
configure:5082: checking whether the shell understands "+="
configure:5088: result: yes
configure:5123: checking for /usr/powerpc64-suse-linux/bin/ld option to reload object files
configure:5130: result: -r
configure:5199: checking for objdump
configure:5215: found /usr/bin/objdump
configure:5226: result: objdump
configure:5258: checking how to recognize dependent libraries
configure:5454: result: pass_all
configure:5514: checking for ar
configure:5530: found /usr/bin/ar
configure:5541: result: ar
configure:5619: checking for strip
configure:5635: found /usr/bin/strip
configure:5646: result: strip
configure:5718: checking for ranlib
configure:5734: found /usr/bin/ranlib
configure:5745: result: ranlib
configure:5835: checking command to parse /usr/bin/nm -B output from gcc object
configure:5953: gcc -c  -DNANOS_DISABLE_ALLOCATOR -DNANOS_MEMTRACKER_ENABLED  conftest.c >&5
configure:5956: $? = 0
configure:5960: /usr/bin/nm -B conftest.o \| sed -n -e 's/^.*[	 ]\([ABCDGIRSTW][ABCDGIRSTW]*\)[	 ][	 ]*\([_A-Za-z][_A-Za-z0-9]*\)$/\1 \2 \2/p' \> conftest.nm
configure:5963: $? = 0
configure:6017: gcc -o conftest  -DNANOS_DISABLE_ALLOCATOR -DNANOS_MEMTRACKER_ENABLED   conftest.c conftstm.o >&5
configure:6020: $? = 0
configure:6058: result: ok
configure:6154: gcc -c  -DNANOS_DISABLE_ALLOCATOR -DNANOS_MEMTRACKER_ENABLED  conftest.c >&5
configure:6157: $? = 0
configure:6925: checking how to run the C preprocessor
configure:6965: gcc -E  conftest.c
configure:6972: $? = 0
configure:7003: gcc -E  conftest.c
conftest.c:12:28: fatal error: ac_nonexistent.h: No such file or directory
compilation terminated.
configure:7010: $? = 1
configure: failed program was:
| /* confdefs.h.  */
| #define PACKAGE_NAME "nanox"
| #define PACKAGE_TARNAME "nanox"
| #define PACKAGE_VERSION "0.7a"
| #define PACKAGE_STRING "nanox 0.7a"
| #define PACKAGE_BUGREPORT "pmtools@bsc.es"
| #define PACKAGE "nanox"
| #define VERSION "0.7a"
| #define NANOX_BUILD_VERSION "git master a298746 2014-01-31 11:17:16 +0100 developer version"
| #define NANOX_CONFIGURE_ARGS "./configure --prefix=/home/dprat/Applications/nanosdynamichistory --with-papi=/home/dprat/Applications/papi-5.3.0 --disable-performance --disable-debug"
| /* end confdefs.h.  */
| #include <ac_nonexistent.h>
configure:7043: result: gcc -E
configure:7072: gcc -E  conftest.c
configure:7079: $? = 0
configure:7110: gcc -E  conftest.c
conftest.c:12:28: fatal error: ac_nonexistent.h: No such file or directory
compilation terminated.
configure:7117: $? = 1
configure: failed program was:
| /* confdefs.h.  */
| #define PACKAGE_NAME "nanox"
| #define PACKAGE_TARNAME "nanox"
| #define PACKAGE_VERSION "0.7a"
| #define PACKAGE_STRING "nanox 0.7a"
| #define PACKAGE_BUGREPORT "pmtools@bsc.es"
| #define PACKAGE "nanox"
| #define VERSION "0.7a"
| #define NANOX_BUILD_VERSION "git master a298746 2014-01-31 11:17:16 +0100 developer version"
| #define NANOX_CONFIGURE_ARGS "./configure --prefix=/home/dprat/Applications/nanosdynamichistory --with-papi=/home/dprat/Applications/papi-5.3.0 --disable-performance --disable-debug"
| /* end confdefs.h.  */
| #include <ac_nonexistent.h>
configure:7157: checking for ANSI C header files
configure:7187: gcc -c  -DNANOS_DISABLE_ALLOCATOR -DNANOS_MEMTRACKER_ENABLED  conftest.c >&5
configure:7194: $? = 0
configure:7293: gcc -o conftest  -DNANOS_DISABLE_ALLOCATOR -DNANOS_MEMTRACKER_ENABLED   conftest.c  >&5
configure:7297: $? = 0
configure:7303: ./conftest
configure:7307: $? = 0
configure:7325: result: yes
configure:7349: checking for sys/types.h
configure:7370: gcc -c  -DNANOS_DISABLE_ALLOCATOR -DNANOS_MEMTRACKER_ENABLED  conftest.c >&5
configure:7377: $? = 0
configure:7394: result: yes
configure:7349: checking for sys/stat.h
configure:7370: gcc -c  -DNANOS_DISABLE_ALLOCATOR -DNANOS_MEMTRACKER_ENABLED  conftest.c >&5
configure:7377: $? = 0
configure:7394: result: yes
configure:7349: checking for stdlib.h
configure:7370: gcc -c  -DNANOS_DISABLE_ALLOCATOR -DNANOS_MEMTRACKER_ENABLED  conftest.c >&5
configure:7377: $? = 0
configure:7394: result: yes
configure:7349: checking for string.h
configure:7370: gcc -c  -DNANOS_DISABLE_ALLOCATOR -DNANOS_MEMTRACKER_ENABLED  conftest.c >&5
configure:7377: $? = 0
configure:7394: result: yes
configure:7349: checking for memory.h
configure:7370: gcc -c  -DNANOS_DISABLE_ALLOCATOR -DNANOS_MEMTRACKER_ENABLED  conftest.c >&5
configure:7377: $? = 0
configure:7394: result: yes
configure:7349: checking for strings.h
configure:7370: gcc -c  -DNANOS_DISABLE_ALLOCATOR -DNANOS_MEMTRACKER_ENABLED  conftest.c >&5
configure:7377: $? = 0
configure:7394: result: yes
configure:7349: checking for inttypes.h
configure:7370: gcc -c  -DNANOS_DISABLE_ALLOCATOR -DNANOS_MEMTRACKER_ENABLED  conftest.c >&5
configure:7377: $? = 0
configure:7394: result: yes
configure:7349: checking for stdint.h
configure:7370: gcc -c  -DNANOS_DISABLE_ALLOCATOR -DNANOS_MEMTRACKER_ENABLED  conftest.c >&5
configure:7377: $? = 0
configure:7394: result: yes
configure:7349: checking for unistd.h
configure:7370: gcc -c  -DNANOS_DISABLE_ALLOCATOR -DNANOS_MEMTRACKER_ENABLED  conftest.c >&5
configure:7377: $? = 0
configure:7394: result: yes
configure:7412: checking for dlfcn.h
configure:7433: gcc -c  -DNANOS_DISABLE_ALLOCATOR -DNANOS_MEMTRACKER_ENABLED  conftest.c >&5
configure:7440: $? = 0
configure:7457: result: yes
configure:7643: checking for objdir
configure:7658: result: .libs
configure:7954: checking if gcc supports -fno-rtti -fno-exceptions
configure:7972: gcc -c  -DNANOS_DISABLE_ALLOCATOR -DNANOS_MEMTRACKER_ENABLED  -fno-rtti -fno-exceptions conftest.c >&5
cc1: warning: command line option '-fno-rtti' is valid for C++/ObjC++ but not for C [enabled by default]
configure:7976: $? = 0
configure:7989: result: no
configure:8009: checking for gcc option to produce PIC
configure:8281: result: -fPIC -DPIC
configure:8293: checking if gcc PIC flag -fPIC -DPIC works
configure:8311: gcc -c  -DNANOS_DISABLE_ALLOCATOR -DNANOS_MEMTRACKER_ENABLED  -fPIC -DPIC -DPIC conftest.c >&5
configure:8315: $? = 0
configure:8328: result: yes
configure:8352: checking if gcc static flag -static works
configure:8380: result: yes
configure:8395: checking if gcc supports -c -o file.o
configure:8416: gcc -c  -DNANOS_DISABLE_ALLOCATOR -DNANOS_MEMTRACKER_ENABLED  -o out/conftest2.o conftest.c >&5
configure:8420: $? = 0
configure:8442: result: yes
configure:8450: checking if gcc supports -c -o file.o
configure:8497: result: yes
configure:8530: checking whether the gcc linker (/usr/powerpc64-suse-linux/bin/ld -m elf64ppc) supports shared libraries
configure:9604: result: yes
configure:9641: checking whether -lc should be explicitly linked in
configure:9646: gcc -c  -DNANOS_DISABLE_ALLOCATOR -DNANOS_MEMTRACKER_ENABLED  conftest.c >&5
configure:9649: $? = 0
configure:9664: gcc -shared conftest.o  -v -Wl,-soname -Wl,conftest -o conftest 2\>\&1 \| /usr/bin/grep  -lc  \>/dev/null 2\>\&1
configure:9667: $? = 0
configure:9679: result: no
configure:9843: checking dynamic linker characteristics
configure:10286: gcc -o conftest  -DNANOS_DISABLE_ALLOCATOR -DNANOS_MEMTRACKER_ENABLED   -Wl,-rpath -Wl,/foo conftest.c  >&5
configure:10293: $? = 0
configure:10526: result: GNU/Linux ld.so
configure:10628: checking how to hardcode library paths into programs
configure:10653: result: immediate
configure:11486: checking whether stripping libraries is possible
configure:11491: result: yes
configure:11526: checking if libtool supports shared libraries
configure:11528: result: yes
configure:11531: checking whether to build shared libraries
configure:11552: result: yes
configure:11555: checking whether to build static libraries
configure:11559: result: yes
configure:11709: checking for C compiler version
configure:11717: gcc --version >&5
gcc (SUSE Linux) 4.7.2 20130108 [gcc-4_7-branch revision 195014]
Copyright (C) 2012 Free Software Foundation, Inc.
This is free software; see the source for copying conditions.  There is NO
warranty; not even for MERCHANTABILITY or FITNESS FOR A PARTICULAR PURPOSE.

configure:11721: $? = 0
configure:11728: gcc -v >&5
Using built-in specs.
COLLECT_GCC=gcc
COLLECT_LTO_WRAPPER=/usr/lib64/gcc/powerpc64-suse-linux/4.7/lto-wrapper
Target: powerpc64-suse-linux
Configured with: ../configure --prefix=/usr --infodir=/usr/share/info --mandir=/usr/share/man --libdir=/usr/lib64 --libexecdir=/usr/lib64 --enable-languages=c,c++,fortran --enable-checking=release --with-gxx-include-dir=/usr/include/c++/4.7 --enable-ssp --disable-libssp --disable-libitm --disable-plugin --with-bugurl=http://bugs.opensuse.org/ --with-pkgversion='SUSE Linux' --disable-libgcj --disable-libmudflap --with-slibdir=/lib64 --with-system-zlib --enable-__cxa_atexit --enable-libstdcxx-allocator=new --disable-libstdcxx-pch --enable-version-specific-runtime-libs --enable-linker-build-id --disable-initfini-array --program-suffix=-4.7 --enable-linux-futex --without-system-libunwind --with-cpu-64=power4 --enable-secureplt --with-long-double-128 --build=powerpc64-suse-linux
Thread model: posix
gcc version 4.7.2 20130108 [gcc-4_7-branch revision 195014] (SUSE Linux) 
configure:11732: $? = 0
configure:11739: gcc -V >&5
gcc: error: unrecognized command line option '-V'
gcc: fatal error: no input files
compilation terminated.
configure:11743: $? = 1
configure:11746: checking whether we are using the GNU C compiler
configure:11799: result: yes
configure:11808: checking whether gcc accepts -g
configure:11946: result: yes
configure:11963: checking for gcc option to accept ISO C89
configure:12067: result: none needed
configure:12087: checking dependency style of gcc
configure:12178: result: gcc3
configure:12198: checking how to run the C preprocessor
configure:12316: result: gcc -E
configure:12345: gcc -E  conftest.c
configure:12352: $? = 0
configure:12383: gcc -E  conftest.c
conftest.c:24:28: fatal error: ac_nonexistent.h: No such file or directory
compilation terminated.
configure:12390: $? = 1
configure: failed program was:
| /* confdefs.h.  */
| #define PACKAGE_NAME "nanox"
| #define PACKAGE_TARNAME "nanox"
| #define PACKAGE_VERSION "0.7a"
| #define PACKAGE_STRING "nanox 0.7a"
| #define PACKAGE_BUGREPORT "pmtools@bsc.es"
| #define PACKAGE "nanox"
| #define VERSION "0.7a"
| #define NANOX_BUILD_VERSION "git master a298746 2014-01-31 11:17:16 +0100 developer version"
| #define NANOX_CONFIGURE_ARGS "./configure --prefix=/home/dprat/Applications/nanosdynamichistory --with-papi=/home/dprat/Applications/papi-5.3.0 --disable-performance --disable-debug"
| #define STDC_HEADERS 1
| #define HAVE_SYS_TYPES_H 1
| #define HAVE_SYS_STAT_H 1
| #define HAVE_STDLIB_H 1
| #define HAVE_STRING_H 1
| #define HAVE_MEMORY_H 1
| #define HAVE_STRINGS_H 1
| #define HAVE_INTTYPES_H 1
| #define HAVE_STDINT_H 1
| #define HAVE_UNISTD_H 1
| #define HAVE_DLFCN_H 1
| #define LT_OBJDIR ".libs/"
| /* end confdefs.h.  */
| #include <ac_nonexistent.h>
configure:12430: checking whether gcc and cc understand -c and -o together
configure:12465: gcc -c conftest.c -o conftest2.o >&5
configure:12469: $? = 0
configure:12475: gcc -c conftest.c -o conftest2.o >&5
configure:12479: $? = 0
configure:12490: cc -c conftest.c >&5
configure:12494: $? = 0
configure:12502: cc -c conftest.c -o conftest2.o >&5
configure:12506: $? = 0
configure:12512: cc -c conftest.c -o conftest2.o >&5
configure:12516: $? = 0
configure:12534: result: yes
configure:12672: checking for C++ compiler version
configure:12680: g++ --version >&5
g++ (SUSE Linux) 4.7.2 20130108 [gcc-4_7-branch revision 195014]
Copyright (C) 2012 Free Software Foundation, Inc.
This is free software; see the source for copying conditions.  There is NO
warranty; not even for MERCHANTABILITY or FITNESS FOR A PARTICULAR PURPOSE.

configure:12684: $? = 0
configure:12691: g++ -v >&5
Using built-in specs.
COLLECT_GCC=g++
COLLECT_LTO_WRAPPER=/usr/lib64/gcc/powerpc64-suse-linux/4.7/lto-wrapper
Target: powerpc64-suse-linux
Configured with: ../configure --prefix=/usr --infodir=/usr/share/info --mandir=/usr/share/man --libdir=/usr/lib64 --libexecdir=/usr/lib64 --enable-languages=c,c++,fortran --enable-checking=release --with-gxx-include-dir=/usr/include/c++/4.7 --enable-ssp --disable-libssp --disable-libitm --disable-plugin --with-bugurl=http://bugs.opensuse.org/ --with-pkgversion='SUSE Linux' --disable-libgcj --disable-libmudflap --with-slibdir=/lib64 --with-system-zlib --enable-__cxa_atexit --enable-libstdcxx-allocator=new --disable-libstdcxx-pch --enable-version-specific-runtime-libs --enable-linker-build-id --disable-initfini-array --program-suffix=-4.7 --enable-linux-futex --without-system-libunwind --with-cpu-64=power4 --enable-secureplt --with-long-double-128 --build=powerpc64-suse-linux
Thread model: posix
gcc version 4.7.2 20130108 [gcc-4_7-branch revision 195014] (SUSE Linux) 
configure:12695: $? = 0
configure:12702: g++ -V >&5
g++: error: unrecognized command line option '-V'
g++: fatal error: no input files
compilation terminated.
configure:12706: $? = 1
configure:12709: checking whether we are using the GNU C++ compiler
configure:12738: g++ -c  -DNANOS_DISABLE_ALLOCATOR -DNANOS_MEMTRACKER_ENABLED  conftest.cpp >&5
configure:12745: $? = 0
configure:12762: result: yes
configure:12771: checking whether g++ accepts -g
configure:12801: g++ -c -g  conftest.cpp >&5
configure:12808: $? = 0
configure:12909: result: yes
configure:12934: checking dependency style of g++
configure:13025: result: gcc3
configure:13153: checking for C++ compiler version
configure:13161: g++ --version >&5
g++ (SUSE Linux) 4.7.2 20130108 [gcc-4_7-branch revision 195014]
Copyright (C) 2012 Free Software Foundation, Inc.
This is free software; see the source for copying conditions.  There is NO
warranty; not even for MERCHANTABILITY or FITNESS FOR A PARTICULAR PURPOSE.

configure:13165: $? = 0
configure:13172: g++ -v >&5
Using built-in specs.
COLLECT_GCC=g++
COLLECT_LTO_WRAPPER=/usr/lib64/gcc/powerpc64-suse-linux/4.7/lto-wrapper
Target: powerpc64-suse-linux
Configured with: ../configure --prefix=/usr --infodir=/usr/share/info --mandir=/usr/share/man --libdir=/usr/lib64 --libexecdir=/usr/lib64 --enable-languages=c,c++,fortran --enable-checking=release --with-gxx-include-dir=/usr/include/c++/4.7 --enable-ssp --disable-libssp --disable-libitm --disable-plugin --with-bugurl=http://bugs.opensuse.org/ --with-pkgversion='SUSE Linux' --disable-libgcj --disable-libmudflap --with-slibdir=/lib64 --with-system-zlib --enable-__cxa_atexit --enable-libstdcxx-allocator=new --disable-libstdcxx-pch --enable-version-specific-runtime-libs --enable-linker-build-id --disable-initfini-array --program-suffix=-4.7 --enable-linux-futex --without-system-libunwind --with-cpu-64=power4 --enable-secureplt --with-long-double-128 --build=powerpc64-suse-linux
Thread model: posix
gcc version 4.7.2 20130108 [gcc-4_7-branch revision 195014] (SUSE Linux) 
configure:13176: $? = 0
configure:13183: g++ -V >&5
g++: error: unrecognized command line option '-V'
g++: fatal error: no input files
compilation terminated.
configure:13187: $? = 1
configure:13190: checking whether we are using the GNU C++ compiler
configure:13243: result: yes
configure:13252: checking whether g++ accepts -g
configure:13390: result: yes
configure:13415: checking dependency style of g++
configure:13506: result: gcc3
configure:13529: checking how to run the C++ preprocessor
configure:13565: g++ -E  conftest.cpp
configure:13572: $? = 0
configure:13603: g++ -E  conftest.cpp
conftest.cpp:24:28: fatal error: ac_nonexistent.h: No such file or directory
compilation terminated.
configure:13610: $? = 1
configure: failed program was:
| /* confdefs.h.  */
| #define PACKAGE_NAME "nanox"
| #define PACKAGE_TARNAME "nanox"
| #define PACKAGE_VERSION "0.7a"
| #define PACKAGE_STRING "nanox 0.7a"
| #define PACKAGE_BUGREPORT "pmtools@bsc.es"
| #define PACKAGE "nanox"
| #define VERSION "0.7a"
| #define NANOX_BUILD_VERSION "git master a298746 2014-01-31 11:17:16 +0100 developer version"
| #define NANOX_CONFIGURE_ARGS "./configure --prefix=/home/dprat/Applications/nanosdynamichistory --with-papi=/home/dprat/Applications/papi-5.3.0 --disable-performance --disable-debug"
| #define STDC_HEADERS 1
| #define HAVE_SYS_TYPES_H 1
| #define HAVE_SYS_STAT_H 1
| #define HAVE_STDLIB_H 1
| #define HAVE_STRING_H 1
| #define HAVE_MEMORY_H 1
| #define HAVE_STRINGS_H 1
| #define HAVE_INTTYPES_H 1
| #define HAVE_STDINT_H 1
| #define HAVE_UNISTD_H 1
| #define HAVE_DLFCN_H 1
| #define LT_OBJDIR ".libs/"
| /* end confdefs.h.  */
| #include <ac_nonexistent.h>
configure:13643: result: g++ -E
configure:13672: g++ -E  conftest.cpp
configure:13679: $? = 0
configure:13710: g++ -E  conftest.cpp
conftest.cpp:24:28: fatal error: ac_nonexistent.h: No such file or directory
compilation terminated.
configure:13717: $? = 1
configure: failed program was:
| /* confdefs.h.  */
| #define PACKAGE_NAME "nanox"
| #define PACKAGE_TARNAME "nanox"
| #define PACKAGE_VERSION "0.7a"
| #define PACKAGE_STRING "nanox 0.7a"
| #define PACKAGE_BUGREPORT "pmtools@bsc.es"
| #define PACKAGE "nanox"
| #define VERSION "0.7a"
| #define NANOX_BUILD_VERSION "git master a298746 2014-01-31 11:17:16 +0100 developer version"
| #define NANOX_CONFIGURE_ARGS "./configure --prefix=/home/dprat/Applications/nanosdynamichistory --with-papi=/home/dprat/Applications/papi-5.3.0 --disable-performance --disable-debug"
| #define STDC_HEADERS 1
| #define HAVE_SYS_TYPES_H 1
| #define HAVE_SYS_STAT_H 1
| #define HAVE_STDLIB_H 1
| #define HAVE_STRING_H 1
| #define HAVE_MEMORY_H 1
| #define HAVE_STRINGS_H 1
| #define HAVE_INTTYPES_H 1
| #define HAVE_STDINT_H 1
| #define HAVE_UNISTD_H 1
| #define HAVE_DLFCN_H 1
| #define LT_OBJDIR ".libs/"
| /* end confdefs.h.  */
| #include <ac_nonexistent.h>
configure:13893: checking for ld used by g++
configure:13960: result: /usr/powerpc64-suse-linux/bin/ld -m elf64ppc
configure:13969: checking if the linker (/usr/powerpc64-suse-linux/bin/ld -m elf64ppc) is GNU ld
configure:13984: result: yes
configure:14039: checking whether the g++ linker (/usr/powerpc64-suse-linux/bin/ld -m elf64ppc) supports shared libraries
configure:15014: result: yes
configure:15042: g++ -c  -DNANOS_DISABLE_ALLOCATOR -DNANOS_MEMTRACKER_ENABLED  conftest.cpp >&5
configure:15045: $? = 0
configure:15227: checking for g++ option to produce PIC
configure:15544: result: -fPIC -DPIC
configure:15553: checking if g++ PIC flag -fPIC -DPIC works
configure:15571: g++ -c  -DNANOS_DISABLE_ALLOCATOR -DNANOS_MEMTRACKER_ENABLED  -fPIC -DPIC -DPIC conftest.cpp >&5
configure:15575: $? = 0
configure:15588: result: yes
configure:15609: checking if g++ static flag -static works
configure:15637: result: yes
configure:15649: checking if g++ supports -c -o file.o
configure:15670: g++ -c  -DNANOS_DISABLE_ALLOCATOR -DNANOS_MEMTRACKER_ENABLED  -o out/conftest2.o conftest.cpp >&5
configure:15674: $? = 0
configure:15696: result: yes
configure:15701: checking if g++ supports -c -o file.o
configure:15748: result: yes
configure:15778: checking whether the g++ linker (/usr/powerpc64-suse-linux/bin/ld -m elf64ppc) supports shared libraries
configure:15804: result: yes
configure:15941: checking dynamic linker characteristics
configure:16332: g++ -o conftest  -DNANOS_DISABLE_ALLOCATOR -DNANOS_MEMTRACKER_ENABLED   -Wl,-rpath -Wl,/foo conftest.cpp  >&5
configure:16339: $? = 0
configure:16572: result: GNU/Linux ld.so
configure:16623: checking how to hardcode library paths into programs
configure:16648: result: immediate
configure:16696: checking dependency style of gcc
configure:16787: result: gcc3
configure:16803: checking for a sed that does not truncate output
configure:16869: result: /usr/bin/sed
configure:16982: checking for Fortran compiler version
configure:16990: gfortran --version >&5
GNU Fortran (SUSE Linux) 4.7.2 20130108 [gcc-4_7-branch revision 195014]
Copyright (C) 2012 Free Software Foundation, Inc.

GNU Fortran comes with NO WARRANTY, to the extent permitted by law.
You may redistribute copies of GNU Fortran
under the terms of the GNU General Public License.
For more information about these matters, see the file named COPYING

configure:16994: $? = 0
configure:17001: gfortran -v >&5
Using built-in specs.
COLLECT_GCC=gfortran
COLLECT_LTO_WRAPPER=/usr/lib64/gcc/powerpc64-suse-linux/4.7/lto-wrapper
Target: powerpc64-suse-linux
Configured with: ../configure --prefix=/usr --infodir=/usr/share/info --mandir=/usr/share/man --libdir=/usr/lib64 --libexecdir=/usr/lib64 --enable-languages=c,c++,fortran --enable-checking=release --with-gxx-include-dir=/usr/include/c++/4.7 --enable-ssp --disable-libssp --disable-libitm --disable-plugin --with-bugurl=http://bugs.opensuse.org/ --with-pkgversion='SUSE Linux' --disable-libgcj --disable-libmudflap --with-slibdir=/lib64 --with-system-zlib --enable-__cxa_atexit --enable-libstdcxx-allocator=new --disable-libstdcxx-pch --enable-version-specific-runtime-libs --enable-linker-build-id --disable-initfini-array --program-suffix=-4.7 --enable-linux-futex --without-system-libunwind --with-cpu-64=power4 --enable-secureplt --with-long-double-128 --build=powerpc64-suse-linux
Thread model: posix
gcc version 4.7.2 20130108 [gcc-4_7-branch revision 195014] (SUSE Linux) 
configure:17005: $? = 0
configure:17012: gfortran -V >&5
gfortran: error: unrecognized command line option '-V'
gfortran: fatal error: no input files
compilation terminated.
configure:17016: $? = 1
configure:17024: checking whether we are using the GNU Fortran compiler
configure:17043: gfortran -c   conftest.F >&5
configure:17050: $? = 0
configure:17067: result: yes
configure:17073: checking whether gfortran accepts -g
configure:17090: gfortran -c -g  conftest.f >&5
configure:17097: $? = 0
configure:17113: result: yes
configure:17244: checking for Fortran compiler version
configure:17252: gfortran --version >&5
GNU Fortran (SUSE Linux) 4.7.2 20130108 [gcc-4_7-branch revision 195014]
Copyright (C) 2012 Free Software Foundation, Inc.

GNU Fortran comes with NO WARRANTY, to the extent permitted by law.
You may redistribute copies of GNU Fortran
under the terms of the GNU General Public License.
For more information about these matters, see the file named COPYING

configure:17256: $? = 0
configure:17263: gfortran -v >&5
Using built-in specs.
COLLECT_GCC=gfortran
COLLECT_LTO_WRAPPER=/usr/lib64/gcc/powerpc64-suse-linux/4.7/lto-wrapper
Target: powerpc64-suse-linux
Configured with: ../configure --prefix=/usr --infodir=/usr/share/info --mandir=/usr/share/man --libdir=/usr/lib64 --libexecdir=/usr/lib64 --enable-languages=c,c++,fortran --enable-checking=release --with-gxx-include-dir=/usr/include/c++/4.7 --enable-ssp --disable-libssp --disable-libitm --disable-plugin --with-bugurl=http://bugs.opensuse.org/ --with-pkgversion='SUSE Linux' --disable-libgcj --disable-libmudflap --with-slibdir=/lib64 --with-system-zlib --enable-__cxa_atexit --enable-libstdcxx-allocator=new --disable-libstdcxx-pch --enable-version-specific-runtime-libs --enable-linker-build-id --disable-initfini-array --program-suffix=-4.7 --enable-linux-futex --without-system-libunwind --with-cpu-64=power4 --enable-secureplt --with-long-double-128 --build=powerpc64-suse-linux
Thread model: posix
gcc version 4.7.2 20130108 [gcc-4_7-branch revision 195014] (SUSE Linux) 
configure:17267: $? = 0
configure:17274: gfortran -V >&5
gfortran: error: unrecognized command line option '-V'
gfortran: fatal error: no input files
compilation terminated.
configure:17278: $? = 1
configure:17286: checking whether we are using the GNU Fortran compiler
configure:17329: result: yes
configure:17335: checking whether gfortran accepts -g
configure:17375: result: yes
configure:17508: checking if libtool supports shared libraries
configure:17510: result: yes
configure:17513: checking whether to build shared libraries
configure:17533: result: yes
configure:17536: checking whether to build static libraries
configure:17540: result: yes
configure:17566: gfortran -c   conftest.f >&5
configure:17569: $? = 0
configure:17679: checking for gfortran option to produce PIC
configure:17951: result: -fPIC
configure:17960: checking if gfortran PIC flag -fPIC works
configure:17978: gfortran -c  -fPIC  conftest.f >&5
configure:17982: $? = 0
configure:17995: result: yes
configure:18016: checking if gfortran static flag -static works
configure:18044: result: yes
configure:18056: checking if gfortran supports -c -o file.o
configure:18077: gfortran -c  -o out/conftest2.o  conftest.f >&5
configure:18081: $? = 0
configure:18103: result: yes
configure:18108: checking if gfortran supports -c -o file.o
configure:18155: result: yes
configure:18185: checking whether the gfortran linker (/usr/powerpc64-suse-linux/bin/ld -m elf64ppc) supports shared libraries
configure:19239: result: yes
configure:19376: checking dynamic linker characteristics
configure:19757: gfortran -o conftest   -Wl,-rpath -Wl,/foo  conftest.f  >&5
configure:19764: $? = 0
configure:19997: result: GNU/Linux ld.so
configure:20048: checking how to hardcode library paths into programs
configure:20073: result: immediate
configure:20109: checking whether gfortran understands -c and -o together
configure:20127: gfortran  -c conftest.f -o conftest2.o >&5
configure:20131: $? = 0
configure:20138: gfortran  -c conftest.f -o conftest2.o >&5
configure:20142: $? = 0
configure:20150: result: yes
configure:20221: checking for ANSI C header files
configure:20389: result: yes
configure:20401: checking for an ANSI C-conforming const
configure:20476: gcc -c  -DNANOS_DISABLE_ALLOCATOR -DNANOS_MEMTRACKER_ENABLED -Wredundant-decls  conftest.c >&5
configure:20483: $? = 0
configure:20498: result: yes
configure:20535: checking size of size_t
configure:20840: gcc -o conftest  -DNANOS_DISABLE_ALLOCATOR -DNANOS_MEMTRACKER_ENABLED -Wredundant-decls   conftest.c  >&5
configure:20844: $? = 0
configure:20850: ./conftest
configure:20854: $? = 0
configure:20880: result: 8
configure:21057: checking if the use of GPU devices was disabled
configure:21082: result: no
configure:21174: WARNING: Directory "/usr/local/cuda" does not exist. Disabling GPU Support
configure:21251: checking for clGetPlatformIDs in -lOpenCL
configure:21286: gcc -o conftest  -DNANOS_DISABLE_ALLOCATOR -DNANOS_MEMTRACKER_ENABLED -Wredundant-decls -L/usr/lib64/  -L/usr/lib64/  -L/usr/lib64/ conftest.c -lOpenCL   >&5
/usr/lib64/gcc/powerpc64-suse-linux/4.7/../../../../powerpc64-suse-linux/bin/ld: cannot find -lOpenCL
collect2: error: ld returned 1 exit status
configure:21293: $? = 1
configure: failed program was:
| /* confdefs.h.  */
| #define PACKAGE_NAME "nanox"
| #define PACKAGE_TARNAME "nanox"
| #define PACKAGE_VERSION "0.7a"
| #define PACKAGE_STRING "nanox 0.7a"
| #define PACKAGE_BUGREPORT "pmtools@bsc.es"
| #define PACKAGE "nanox"
| #define VERSION "0.7a"
| #define NANOX_BUILD_VERSION "git master a298746 2014-01-31 11:17:16 +0100 developer version"
| #define NANOX_CONFIGURE_ARGS "./configure --prefix=/home/dprat/Applications/nanosdynamichistory --with-papi=/home/dprat/Applications/papi-5.3.0 --disable-performance --disable-debug"
| #define STDC_HEADERS 1
| #define HAVE_SYS_TYPES_H 1
| #define HAVE_SYS_STAT_H 1
| #define HAVE_STDLIB_H 1
| #define HAVE_STRING_H 1
| #define HAVE_MEMORY_H 1
| #define HAVE_STRINGS_H 1
| #define HAVE_INTTYPES_H 1
| #define HAVE_STDINT_H 1
| #define HAVE_UNISTD_H 1
| #define HAVE_DLFCN_H 1
| #define LT_OBJDIR ".libs/"
| #define STDC_HEADERS 1
| #define SIZEOF_SIZE_T 8
| /* end confdefs.h.  */
| 
| /* Override any GCC internal prototype to avoid an error.
|    Use char because int might match the return type of a GCC
|    builtin and then its argument prototype would still apply.  */
| #ifdef __cplusplus
| extern "C"
| #endif
| char clGetPlatformIDs ();
| int
| main ()
| {
| return clGetPlatformIDs ();
|   ;
|   return 0;
| }
configure:21314: result: no
configure:21333: checking if the use of OpenCL devices was disabled
configure:21359: result: no
configure:21394: checking CL/opencl.h usability
configure:21411: gcc -c  -DNANOS_DISABLE_ALLOCATOR -DNANOS_MEMTRACKER_ENABLED -Wredundant-decls -I/usr/include/ -L/usr/lib/  -I/usr/include/ -L/usr/lib/ conftest.c >&5
conftest.c:59:23: fatal error: CL/opencl.h: No such file or directory
compilation terminated.
configure:21418: $? = 1
configure: failed program was:
| /* confdefs.h.  */
| #define PACKAGE_NAME "nanox"
| #define PACKAGE_TARNAME "nanox"
| #define PACKAGE_VERSION "0.7a"
| #define PACKAGE_STRING "nanox 0.7a"
| #define PACKAGE_BUGREPORT "pmtools@bsc.es"
| #define PACKAGE "nanox"
| #define VERSION "0.7a"
| #define NANOX_BUILD_VERSION "git master a298746 2014-01-31 11:17:16 +0100 developer version"
| #define NANOX_CONFIGURE_ARGS "./configure --prefix=/home/dprat/Applications/nanosdynamichistory --with-papi=/home/dprat/Applications/papi-5.3.0 --disable-performance --disable-debug"
| #define STDC_HEADERS 1
| #define HAVE_SYS_TYPES_H 1
| #define HAVE_SYS_STAT_H 1
| #define HAVE_STDLIB_H 1
| #define HAVE_STRING_H 1
| #define HAVE_MEMORY_H 1
| #define HAVE_STRINGS_H 1
| #define HAVE_INTTYPES_H 1
| #define HAVE_STDINT_H 1
| #define HAVE_UNISTD_H 1
| #define HAVE_DLFCN_H 1
| #define LT_OBJDIR ".libs/"
| #define STDC_HEADERS 1
| #define SIZEOF_SIZE_T 8
| /* end confdefs.h.  */
| #include <stdio.h>
| #ifdef HAVE_SYS_TYPES_H
| # include <sys/types.h>
| #endif
| #ifdef HAVE_SYS_STAT_H
| # include <sys/stat.h>
| #endif
| #ifdef STDC_HEADERS
| # include <stdlib.h>
| # include <stddef.h>
| #else
| # ifdef HAVE_STDLIB_H
| #  include <stdlib.h>
| # endif
| #endif
| #ifdef HAVE_STRING_H
| # if !defined STDC_HEADERS && defined HAVE_MEMORY_H
| #  include <memory.h>
| # endif
| # include <string.h>
| #endif
| #ifdef HAVE_STRINGS_H
| # include <strings.h>
| #endif
| #ifdef HAVE_INTTYPES_H
| # include <inttypes.h>
| #endif
| #ifdef HAVE_STDINT_H
| # include <stdint.h>
| #endif
| #ifdef HAVE_UNISTD_H
| # include <unistd.h>
| #endif
| #include <CL/opencl.h>
configure:21432: result: no
configure:21436: checking CL/opencl.h presence
configure:21451: gcc -E  -I/usr/include/ -L/usr/lib/ conftest.c
conftest.c:26:23: fatal error: CL/opencl.h: No such file or directory
compilation terminated.
configure:21458: $? = 1
configure: failed program was:
| /* confdefs.h.  */
| #define PACKAGE_NAME "nanox"
| #define PACKAGE_TARNAME "nanox"
| #define PACKAGE_VERSION "0.7a"
| #define PACKAGE_STRING "nanox 0.7a"
| #define PACKAGE_BUGREPORT "pmtools@bsc.es"
| #define PACKAGE "nanox"
| #define VERSION "0.7a"
| #define NANOX_BUILD_VERSION "git master a298746 2014-01-31 11:17:16 +0100 developer version"
| #define NANOX_CONFIGURE_ARGS "./configure --prefix=/home/dprat/Applications/nanosdynamichistory --with-papi=/home/dprat/Applications/papi-5.3.0 --disable-performance --disable-debug"
| #define STDC_HEADERS 1
| #define HAVE_SYS_TYPES_H 1
| #define HAVE_SYS_STAT_H 1
| #define HAVE_STDLIB_H 1
| #define HAVE_STRING_H 1
| #define HAVE_MEMORY_H 1
| #define HAVE_STRINGS_H 1
| #define HAVE_INTTYPES_H 1
| #define HAVE_STDINT_H 1
| #define HAVE_UNISTD_H 1
| #define HAVE_DLFCN_H 1
| #define LT_OBJDIR ".libs/"
| #define STDC_HEADERS 1
| #define SIZEOF_SIZE_T 8
| /* end confdefs.h.  */
| #include <CL/opencl.h>
configure:21472: result: no
configure:21505: checking for CL/opencl.h
configure:21512: result: no
configure:21531: checking OpenCL/opencl.h usability
configure:21548: gcc -c  -DNANOS_DISABLE_ALLOCATOR -DNANOS_MEMTRACKER_ENABLED -Wredundant-decls -I/usr/include/ -L/usr/lib/  -I/usr/include/ -L/usr/lib/ conftest.c >&5
conftest.c:59:27: fatal error: OpenCL/opencl.h: No such file or directory
compilation terminated.
configure:21555: $? = 1
configure: failed program was:
| /* confdefs.h.  */
| #define PACKAGE_NAME "nanox"
| #define PACKAGE_TARNAME "nanox"
| #define PACKAGE_VERSION "0.7a"
| #define PACKAGE_STRING "nanox 0.7a"
| #define PACKAGE_BUGREPORT "pmtools@bsc.es"
| #define PACKAGE "nanox"
| #define VERSION "0.7a"
| #define NANOX_BUILD_VERSION "git master a298746 2014-01-31 11:17:16 +0100 developer version"
| #define NANOX_CONFIGURE_ARGS "./configure --prefix=/home/dprat/Applications/nanosdynamichistory --with-papi=/home/dprat/Applications/papi-5.3.0 --disable-performance --disable-debug"
| #define STDC_HEADERS 1
| #define HAVE_SYS_TYPES_H 1
| #define HAVE_SYS_STAT_H 1
| #define HAVE_STDLIB_H 1
| #define HAVE_STRING_H 1
| #define HAVE_MEMORY_H 1
| #define HAVE_STRINGS_H 1
| #define HAVE_INTTYPES_H 1
| #define HAVE_STDINT_H 1
| #define HAVE_UNISTD_H 1
| #define HAVE_DLFCN_H 1
| #define LT_OBJDIR ".libs/"
| #define STDC_HEADERS 1
| #define SIZEOF_SIZE_T 8
| /* end confdefs.h.  */
| #include <stdio.h>
| #ifdef HAVE_SYS_TYPES_H
| # include <sys/types.h>
| #endif
| #ifdef HAVE_SYS_STAT_H
| # include <sys/stat.h>
| #endif
| #ifdef STDC_HEADERS
| # include <stdlib.h>
| # include <stddef.h>
| #else
| # ifdef HAVE_STDLIB_H
| #  include <stdlib.h>
| # endif
| #endif
| #ifdef HAVE_STRING_H
| # if !defined STDC_HEADERS && defined HAVE_MEMORY_H
| #  include <memory.h>
| # endif
| # include <string.h>
| #endif
| #ifdef HAVE_STRINGS_H
| # include <strings.h>
| #endif
| #ifdef HAVE_INTTYPES_H
| # include <inttypes.h>
| #endif
| #ifdef HAVE_STDINT_H
| # include <stdint.h>
| #endif
| #ifdef HAVE_UNISTD_H
| # include <unistd.h>
| #endif
| #include <OpenCL/opencl.h>
configure:21569: result: no
configure:21573: checking OpenCL/opencl.h presence
configure:21588: gcc -E  -I/usr/include/ -L/usr/lib/ conftest.c
conftest.c:26:27: fatal error: OpenCL/opencl.h: No such file or directory
compilation terminated.
configure:21595: $? = 1
configure: failed program was:
| /* confdefs.h.  */
| #define PACKAGE_NAME "nanox"
| #define PACKAGE_TARNAME "nanox"
| #define PACKAGE_VERSION "0.7a"
| #define PACKAGE_STRING "nanox 0.7a"
| #define PACKAGE_BUGREPORT "pmtools@bsc.es"
| #define PACKAGE "nanox"
| #define VERSION "0.7a"
| #define NANOX_BUILD_VERSION "git master a298746 2014-01-31 11:17:16 +0100 developer version"
| #define NANOX_CONFIGURE_ARGS "./configure --prefix=/home/dprat/Applications/nanosdynamichistory --with-papi=/home/dprat/Applications/papi-5.3.0 --disable-performance --disable-debug"
| #define STDC_HEADERS 1
| #define HAVE_SYS_TYPES_H 1
| #define HAVE_SYS_STAT_H 1
| #define HAVE_STDLIB_H 1
| #define HAVE_STRING_H 1
| #define HAVE_MEMORY_H 1
| #define HAVE_STRINGS_H 1
| #define HAVE_INTTYPES_H 1
| #define HAVE_STDINT_H 1
| #define HAVE_UNISTD_H 1
| #define HAVE_DLFCN_H 1
| #define LT_OBJDIR ".libs/"
| #define STDC_HEADERS 1
| #define SIZEOF_SIZE_T 8
| /* end confdefs.h.  */
| #include <OpenCL/opencl.h>
configure:21609: result: no
configure:21642: checking for OpenCL/opencl.h
configure:21649: result: no
configure:21658: checking for clGetPlatformIDs in -lOpenCL
configure:21721: result: no
configure:21794: checking for architecture
configure:21818: result:  smp/unix-os
configure:21825: checking if instrumentation-debug version was enabled
configure:21850: result: no
configure:21871: checking if instrumentation version was disabled
configure:21896: result: no
configure:21918: checking if debug version was disabled
configure:21926: result: yes
configure:21965: checking if performance version was disabled
configure:21973: result: yes
configure:22010: checking if any version is to be compiled
configure:22020: result: yes
configure:22028: checking for atomic builtins in GCC
configure:22062: g++ -o conftest  -DNANOS_DISABLE_ALLOCATOR -DNANOS_MEMTRACKER_ENABLED -Wredundant-decls   conftest.cpp  >&5
configure:22069: $? = 0
configure:22153: result: yes
configure:22157: checking if __sync_bool_compare_and_swap_8 is available
configure:22185: g++ -o conftest  -DNANOS_DISABLE_ALLOCATOR -DNANOS_MEMTRACKER_ENABLED -Wredundant-decls   conftest.cpp  >&5
configure:22192: $? = 0
configure:22212: result: yes
configure:22225: checking if __sync_add_and_fetch_8 is available
configure:22253: g++ -o conftest  -DNANOS_DISABLE_ALLOCATOR -DNANOS_MEMTRACKER_ENABLED -Wredundant-decls   conftest.cpp  >&5
configure:22260: $? = 0
configure:22280: result: yes
configure:22292: checking if __sync_sub_and_fetch_8 is available
configure:22320: g++ -o conftest  -DNANOS_DISABLE_ALLOCATOR -DNANOS_MEMTRACKER_ENABLED -Wredundant-decls   conftest.cpp  >&5
configure:22327: $? = 0
configure:22347: result: yes
configure:22359: checking if __sync_or_and_fetch_8 is available
configure:22387: g++ -o conftest  -DNANOS_DISABLE_ALLOCATOR -DNANOS_MEMTRACKER_ENABLED -Wredundant-decls   conftest.cpp  >&5
configure:22394: $? = 0
configure:22414: result: yes
configure:22426: checking if __sync_and_and_fetch_8 is available
configure:22454: g++ -o conftest  -DNANOS_DISABLE_ALLOCATOR -DNANOS_MEMTRACKER_ENABLED -Wredundant-decls   conftest.cpp  >&5
configure:22461: $? = 0
configure:22481: result: yes
configure:22493: checking if __sync_xor_and_fetch_8 is available
configure:22521: g++ -o conftest  -DNANOS_DISABLE_ALLOCATOR -DNANOS_MEMTRACKER_ENABLED -Wredundant-decls   conftest.cpp  >&5
configure:22528: $? = 0
configure:22548: result: yes
configure:22788: checking for mkl_blas_dgemm in -lmkl_sequential
configure:22823: gcc -o conftest  -DNANOS_DISABLE_ALLOCATOR -DNANOS_MEMTRACKER_ENABLED -Wredundant-decls   conftest.c -lmkl_sequential -lm -lmkl_core  >&5
/usr/lib64/gcc/powerpc64-suse-linux/4.7/../../../../powerpc64-suse-linux/bin/ld: cannot find -lmkl_sequential
/usr/lib64/gcc/powerpc64-suse-linux/4.7/../../../../powerpc64-suse-linux/bin/ld: cannot find -lmkl_core
collect2: error: ld returned 1 exit status
configure:22830: $? = 1
configure: failed program was:
| /* confdefs.h.  */
| #define PACKAGE_NAME "nanox"
| #define PACKAGE_TARNAME "nanox"
| #define PACKAGE_VERSION "0.7a"
| #define PACKAGE_STRING "nanox 0.7a"
| #define PACKAGE_BUGREPORT "pmtools@bsc.es"
| #define PACKAGE "nanox"
| #define VERSION "0.7a"
| #define NANOX_BUILD_VERSION "git master a298746 2014-01-31 11:17:16 +0100 developer version"
| #define NANOX_CONFIGURE_ARGS "./configure --prefix=/home/dprat/Applications/nanosdynamichistory --with-papi=/home/dprat/Applications/papi-5.3.0 --disable-performance --disable-debug"
| #define STDC_HEADERS 1
| #define HAVE_SYS_TYPES_H 1
| #define HAVE_SYS_STAT_H 1
| #define HAVE_STDLIB_H 1
| #define HAVE_STRING_H 1
| #define HAVE_MEMORY_H 1
| #define HAVE_STRINGS_H 1
| #define HAVE_INTTYPES_H 1
| #define HAVE_STDINT_H 1
| #define HAVE_UNISTD_H 1
| #define HAVE_DLFCN_H 1
| #define LT_OBJDIR ".libs/"
| #define STDC_HEADERS 1
| #define SIZEOF_SIZE_T 8
| #define HAVE_SYNC_BOOL_COMPARE_AND_SWAP_8 1
| #define HAVE_SYNC_ADD_AND_FETCH_8 1
| #define HAVE_SYNC_SUB_AND_FETCH_8 1
| #define HAVE_SYNC_OR_AND_FETCH_8 1
| #define HAVE_SYNC_AND_AND_FETCH_8 1
| #define HAVE_SYNC_XOR_AND_FETCH_8 1
| /* end confdefs.h.  */
| 
| /* Override any GCC internal prototype to avoid an error.
|    Use char because int might match the return type of a GCC
|    builtin and then its argument prototype would still apply.  */
| #ifdef __cplusplus
| extern "C"
| #endif
| char mkl_blas_dgemm ();
| int
| main ()
| {
| return mkl_blas_dgemm ();
|   ;
|   return 0;
| }
configure:22851: result: no
configure:23153: creating ./config.status

## ---------------------- ##
## Running config.status. ##
## ---------------------- ##

This file was extended by nanox config.status 0.7a, which was
generated by GNU Autoconf 2.63.  Invocation command line was

  CONFIG_FILES    = 
  CONFIG_HEADERS  = 
  CONFIG_LINKS    = 
  CONFIG_COMMANDS = 
  $ ./config.status 

on ps701n1

config.status:1320: creating Makefile
config.status:1320: creating src/Makefile
config.status:1320: creating src/core/Makefile
config.status:1320: creating src/core/performance/Makefile
config.status:1320: creating src/core/debug/Makefile
config.status:1320: creating src/core/instrumentation/Makefile
config.status:1320: creating src/core/instrumentation-debug/Makefile
config.status:1320: creating src/support/Makefile
config.status:1320: creating src/support/performance/Makefile
config.status:1320: creating src/support/debug/Makefile
config.status:1320: creating src/support/instrumentation/Makefile
config.status:1320: creating src/support/instrumentation-debug/Makefile
config.status:1320: creating src/plugins/Makefile
config.status:1320: creating src/plugins/sched/Makefile
config.status:1320: creating src/plugins/sched/performance/Makefile
config.status:1320: creating src/plugins/sched/debug/Makefile
config.status:1320: creating src/plugins/sched/instrumentation/Makefile
config.status:1320: creating src/plugins/sched/instrumentation-debug/Makefile
config.status:1320: creating src/plugins/throttle/Makefile
config.status:1320: creating src/plugins/throttle/performance/Makefile
config.status:1320: creating src/plugins/throttle/debug/Makefile
config.status:1320: creating src/plugins/throttle/instrumentation/Makefile
config.status:1320: creating src/plugins/throttle/instrumentation-debug/Makefile
config.status:1320: creating src/plugins/barr/Makefile
config.status:1320: creating src/plugins/barr/performance/Makefile
config.status:1320: creating src/plugins/barr/debug/Makefile
config.status:1320: creating src/plugins/barr/instrumentation/Makefile
config.status:1320: creating src/plugins/barr/instrumentation-debug/Makefile
config.status:1320: creating src/plugins/slicers/Makefile
config.status:1320: creating src/plugins/slicers/performance/Makefile
config.status:1320: creating src/plugins/slicers/debug/Makefile
config.status:1320: creating src/plugins/slicers/instrumentation/Makefile
config.status:1320: creating src/plugins/slicers/instrumentation-debug/Makefile
config.status:1320: creating src/plugins/instrumentation/Makefile
config.status:1320: creating src/plugins/instrumentation/performance/Makefile
config.status:1320: creating src/plugins/instrumentation/debug/Makefile
config.status:1320: creating src/plugins/instrumentation/instrumentation/Makefile
config.status:1320: creating src/plugins/instrumentation/instrumentation-debug/Makefile
config.status:1320: creating src/plugins/worksharing/Makefile
config.status:1320: creating src/plugins/worksharing/performance/Makefile
config.status:1320: creating src/plugins/worksharing/debug/Makefile
config.status:1320: creating src/plugins/worksharing/instrumentation/Makefile
config.status:1320: creating src/plugins/worksharing/instrumentation-debug/Makefile
config.status:1320: creating src/plugins/deps/Makefile
config.status:1320: creating src/plugins/deps/performance/Makefile
config.status:1320: creating src/plugins/deps/debug/Makefile
config.status:1320: creating src/plugins/deps/instrumentation/Makefile
config.status:1320: creating src/plugins/deps/instrumentation-debug/Makefile
config.status:1320: creating src/apis/Makefile
config.status:1320: creating src/apis/c/Makefile
config.status:1320: creating src/apis/c/performance/Makefile
config.status:1320: creating src/apis/c/debug/Makefile
config.status:1320: creating src/apis/c/instrumentation/Makefile
config.status:1320: creating src/apis/c/instrumentation-debug/Makefile
config.status:1320: creating src/pms/Makefile
config.status:1320: creating src/pms/openmp/Makefile
config.status:1320: creating src/pms/openmp/performance/Makefile
config.status:1320: creating src/pms/openmp/debug/Makefile
config.status:1320: creating src/pms/openmp/instrumentation/Makefile
config.status:1320: creating src/pms/openmp/instrumentation-debug/Makefile
config.status:1320: creating src/pms/ss/Makefile
config.status:1320: creating src/pms/ss/performance/Makefile
config.status:1320: creating src/pms/ss/debug/Makefile
config.status:1320: creating src/pms/ss/instrumentation/Makefile
config.status:1320: creating src/pms/ss/instrumentation-debug/Makefile
config.status:1320: creating src/pms/chapel/Makefile
config.status:1320: creating src/pms/chapel/performance/Makefile
config.status:1320: creating src/pms/chapel/debug/Makefile
config.status:1320: creating src/pms/chapel/instrumentation/Makefile
config.status:1320: creating src/pms/chapel/instrumentation-debug/Makefile
config.status:1320: creating src/arch/Makefile
config.status:1320: creating src/arch/unix-os/Makefile
config.status:1320: creating src/arch/unix-os/performance/Makefile
config.status:1320: creating src/arch/unix-os/debug/Makefile
config.status:1320: creating src/arch/unix-os/instrumentation/Makefile
config.status:1320: creating src/arch/unix-os/instrumentation-debug/Makefile
config.status:1320: creating src/arch/smp/Makefile
config.status:1320: creating src/arch/smp/performance/Makefile
config.status:1320: creating src/arch/smp/debug/Makefile
config.status:1320: creating src/arch/smp/instrumentation/Makefile
config.status:1320: creating src/arch/smp/instrumentation-debug/Makefile
config.status:1320: creating src/arch/fpga/Makefile
config.status:1320: creating src/arch/fpga/performance/Makefile
config.status:1320: creating src/arch/fpga/debug/Makefile
config.status:1320: creating src/arch/fpga/instrumentation/Makefile
config.status:1320: creating src/arch/fpga/instrumentation-debug/Makefile
config.status:1320: creating src/arch/spu/Makefile
config.status:1320: creating src/arch/spu/performance/Makefile
config.status:1320: creating src/arch/spu/debug/Makefile
config.status:1320: creating src/arch/spu/instrumentation/Makefile
config.status:1320: creating src/arch/spu/instrumentation-debug/Makefile
config.status:1320: creating src/arch/gpu/Makefile
config.status:1320: creating src/arch/gpu/performance/Makefile
config.status:1320: creating src/arch/gpu/debug/Makefile
config.status:1320: creating src/arch/gpu/instrumentation/Makefile
config.status:1320: creating src/arch/gpu/instrumentation-debug/Makefile
config.status:1320: creating src/arch/opencl/Makefile
config.status:1320: creating src/arch/opencl/performance/Makefile
config.status:1320: creating src/arch/opencl/debug/Makefile
config.status:1320: creating src/arch/opencl/instrumentation/Makefile
config.status:1320: creating src/arch/opencl/instrumentation-debug/Makefile
config.status:1320: creating src/utils/Makefile
config.status:1320: creating src/utils/performance/Makefile
config.status:1320: creating src/utils/instrumentation/Makefile
config.status:1320: creating src/utils/debug/Makefile
config.status:1320: creating src/utils/instrumentation-debug/Makefile
config.status:1320: creating scripts/Makefile
config.status:1320: creating tests/Makefile
config.status:1320: creating tests/gens/Makefile
config.status:1320: creating doc/Makefile
config.status:1320: creating doc/doxy-nanox
config.status:1320: creating config.h
config.status:1594: executing depfiles commands
config.status:1594: executing libtool commands

## ---------------- ##
## Cache variables. ##
## ---------------- ##

ac_cv_build=powerpc64-suse-linux-gnu
ac_cv_c_compiler_gnu=yes
ac_cv_c_const=yes
ac_cv_cxx_compiler_gnu=yes
ac_cv_env_CCASFLAGS_set=
ac_cv_env_CCASFLAGS_value=
ac_cv_env_CCAS_set=
ac_cv_env_CCAS_value=
ac_cv_env_CCC_set=
ac_cv_env_CCC_value=
ac_cv_env_CC_set=
ac_cv_env_CC_value=
ac_cv_env_CFLAGS_set=
ac_cv_env_CFLAGS_value=
ac_cv_env_CPPFLAGS_set=
ac_cv_env_CPPFLAGS_value=
ac_cv_env_CPP_set=
ac_cv_env_CPP_value=
ac_cv_env_CXXCPP_set=
ac_cv_env_CXXCPP_value=
ac_cv_env_CXXFLAGS_set=
ac_cv_env_CXXFLAGS_value=
ac_cv_env_CXX_set=
ac_cv_env_CXX_value=
ac_cv_env_FCFLAGS_set=
ac_cv_env_FCFLAGS_value=
ac_cv_env_FC_set=
ac_cv_env_FC_value=
ac_cv_env_LDFLAGS_set=
ac_cv_env_LDFLAGS_value=
ac_cv_env_LIBS_set=
ac_cv_env_LIBS_value=
ac_cv_env_PPUEMBED_set=
ac_cv_env_PPUEMBED_value=
ac_cv_env_SPUCC_set=
ac_cv_env_SPUCC_value=
ac_cv_env_build_alias_set=
ac_cv_env_build_alias_value=
ac_cv_env_host_alias_set=
ac_cv_env_host_alias_value=
ac_cv_env_target_alias_set=
ac_cv_env_target_alias_value=
ac_cv_fc_compiler_gnu=yes
ac_cv_have_builtins=yes
ac_cv_header_CL_opencl_h=no
ac_cv_header_OpenCL_opencl_h=no
ac_cv_header_dlfcn_h=yes
ac_cv_header_inttypes_h=yes
ac_cv_header_memory_h=yes
ac_cv_header_stdc=yes
ac_cv_header_stdint_h=yes
ac_cv_header_stdlib_h=yes
ac_cv_header_string_h=yes
ac_cv_header_strings_h=yes
ac_cv_header_sys_stat_h=yes
ac_cv_header_sys_types_h=yes
ac_cv_header_unistd_h=yes
ac_cv_host=powerpc64-suse-linux-gnu
ac_cv_lib_OpenCL_clGetPlatformIDs=no
ac_cv_lib_mkl_sequential_mkl_blas_dgemm=no
ac_cv_objext=o
ac_cv_path_EGREP='/usr/bin/grep -E'
ac_cv_path_FGREP='/usr/bin/grep -F'
ac_cv_path_GREP=/usr/bin/grep
ac_cv_path_SED=/usr/bin/sed
ac_cv_path_install='/usr/bin/install -c'
ac_cv_path_mkdir=/bin/mkdir
ac_cv_prog_AWK=gawk
ac_cv_prog_CPP='gcc -E'
ac_cv_prog_CXXCPP='g++ -E'
ac_cv_prog_ac_ct_AR=ar
ac_cv_prog_ac_ct_CC=gcc
ac_cv_prog_ac_ct_OBJDUMP=objdump
ac_cv_prog_ac_ct_RANLIB=ranlib
ac_cv_prog_ac_ct_STRIP=strip
ac_cv_prog_cc_c89=
ac_cv_prog_cc_g=yes
ac_cv_prog_cc_gcc_c_o=yes
ac_cv_prog_cxx_g=yes
ac_cv_prog_fc_c_o=yes
ac_cv_prog_fc_g=yes
ac_cv_prog_make_make_set=yes
ac_cv_sizeof_size_t=8
ac_cv_target=powerpc64-suse-linux-gnu
am_cv_CCAS_dependencies_compiler_type=gcc3
am_cv_CC_dependencies_compiler_type=gcc3
am_cv_CXX_dependencies_compiler_type=gcc3
lt_cv_deplibs_check_method=pass_all
lt_cv_file_magic_cmd='$MAGIC_CMD'
lt_cv_file_magic_test_file=
lt_cv_ld_reload_flag=-r
lt_cv_nm_interface='BSD nm'
lt_cv_objdir=.libs
lt_cv_path_LD=/usr/powerpc64-suse-linux/bin/ld
lt_cv_path_LDCXX='/usr/powerpc64-suse-linux/bin/ld -m elf64ppc'
lt_cv_path_NM='/usr/bin/nm -B'
lt_cv_prog_compiler_c_o=yes
lt_cv_prog_compiler_c_o_CXX=yes
lt_cv_prog_compiler_c_o_FC=yes
lt_cv_prog_compiler_pic_works=yes
lt_cv_prog_compiler_pic_works_CXX=yes
lt_cv_prog_compiler_pic_works_FC=yes
lt_cv_prog_compiler_rtti_exceptions=no
lt_cv_prog_compiler_static_works=yes
lt_cv_prog_compiler_static_works_CXX=yes
lt_cv_prog_compiler_static_works_FC=yes
lt_cv_prog_gnu_ld=yes
lt_cv_prog_gnu_ldcxx=yes
lt_cv_sys_global_symbol_pipe='sed -n -e '\''s/^.*[	 ]\([ABCDGIRSTW][ABCDGIRSTW]*\)[	 ][	 ]*\([_A-Za-z][_A-Za-z0-9]*\)$/\1 \2 \2/p'\'''
lt_cv_sys_global_symbol_to_c_name_address='sed -n -e '\''s/^: \([^ ]*\) $/  {\"\1\", (void *) 0},/p'\'' -e '\''s/^[ABCDGIRSTW]* \([^ ]*\) \([^ ]*\)$/  {"\2", (void *) \&\2},/p'\'''
lt_cv_sys_global_symbol_to_c_name_address_lib_prefix='sed -n -e '\''s/^: \([^ ]*\) $/  {\"\1\", (void *) 0},/p'\'' -e '\''s/^[ABCDGIRSTW]* \([^ ]*\) \(lib[^ ]*\)$/  {"\2", (void *) \&\2},/p'\'' -e '\''s/^[ABCDGIRSTW]* \([^ ]*\) \([^ ]*\)$/  {"lib\2", (void *) \&\2},/p'\'''
lt_cv_sys_global_symbol_to_cdecl='sed -n -e '\''s/^T .* \(.*\)$/extern int \1();/p'\'' -e '\''s/^[ABCDGIRSTW]* .* \(.*\)$/extern char \1;/p'\'''
lt_cv_sys_max_cmd_len=3458764513820540925

## ----------------- ##
## Output variables. ##
## ----------------- ##

ACLOCAL='${SHELL} /home/dprat/nanox-0.7a-AdaptiveDSCR-History/missing --run aclocal-1.10'
AMDEPBACKSLASH='\'
AMDEP_FALSE='#'
AMDEP_TRUE=''
AMTAR='${SHELL} /home/dprat/nanox-0.7a-AdaptiveDSCR-History/missing --run tar'
AR='ar'
ARCHITECTURES=' smp'
AUTOCONF='${SHELL} /home/dprat/nanox-0.7a-AdaptiveDSCR-History/missing --run autoconf'
AUTOHEADER='${SHELL} /home/dprat/nanox-0.7a-AdaptiveDSCR-History/missing --run autoheader'
AUTOMAKE='${SHELL} /home/dprat/nanox-0.7a-AdaptiveDSCR-History/missing --run automake-1.10'
AWK='gawk'
AYUDAME_BIN=''
AYUDAME_HOME=''
AYUDAME_INC=''
AYUDAME_LIB=''
BGQ_FALSE=''
BGQ_TRUE='#'
CC='gcc'
CCAS='gcc'
CCASDEPMODE='depmode=gcc3'
CCASFLAGS=' -DNANOS_DISABLE_ALLOCATOR -DNANOS_MEMTRACKER_ENABLED'
CCDEPMODE='depmode=gcc3'
CELLSDK_INC=''
CELLSDK_LIB=''
CFLAGS=' -DNANOS_DISABLE_ALLOCATOR -DNANOS_MEMTRACKER_ENABLED -Wredundant-decls'
CHAPEL_HOME=''
CHAPEL_SUPPORT_FALSE=''
CHAPEL_SUPPORT_TRUE='#'
CPP='gcc -E'
CPPFLAGS=''
CUDA_INC=''
CUDA_LIB=''
CUDA_RPATH=''
CXX='g++'
CXXCPP='g++ -E'
CXXDEPMODE='depmode=gcc3'
CXXFLAGS=' -DNANOS_DISABLE_ALLOCATOR -DNANOS_MEMTRACKER_ENABLED -Wredundant-decls'
CYGPATH_W='echo'
DEBUG_VERSION_FALSE=''
DEBUG_VERSION_TRUE='#'
DEB_RELEASE=''
DEFS='-DHAVE_CONFIG_H'
DEPDIR='.deps'
DSYMUTIL=''
DUMPBIN=''
ECHO_C=''
ECHO_N='-n'
ECHO_T=''
EGREP='/usr/bin/grep -E'
EXEEXT=''
FC='gfortran'
FCFLAGS=''
FGREP='/usr/bin/grep -F'
GIT=''
GNU_C_FALSE='#'
GNU_C_TRUE=''
GPU_SUPPORT_FALSE=''
GPU_SUPPORT_TRUE='#'
GREP='/usr/bin/grep'
HWLOC_BIN=''
HWLOC_FALSE=''
HWLOC_HOME=''
HWLOC_INC=''
HWLOC_LIB=''
HWLOC_TRUE='#'
IBM_C_FALSE=''
IBM_C_TRUE='#'
INSTALL_DATA='${INSTALL} -m 644'
INSTALL_PROGRAM='${INSTALL}'
INSTALL_SCRIPT='${INSTALL}'
INSTALL_STRIP_PROGRAM='$(install_sh) -c -s'
INSTRUMENTATION_AYUDAME_FALSE=''
INSTRUMENTATION_AYUDAME_TRUE='#'
INSTRUMENTATION_DEBUG_VERSION_FALSE=''
INSTRUMENTATION_DEBUG_VERSION_TRUE='#'
INSTRUMENTATION_EXTRAE_FALSE=''
INSTRUMENTATION_EXTRAE_TRUE='#'
INSTRUMENTATION_NEXTSIM_FALSE=''
INSTRUMENTATION_NEXTSIM_TRUE='#'
INSTRUMENTATION_VERSION_FALSE='#'
INSTRUMENTATION_VERSION_TRUE=''
INTEL_C_FALSE=''
INTEL_C_TRUE='#'
LD='/usr/powerpc64-suse-linux/bin/ld -m elf64ppc'
LDFLAGS=''
LIBOBJS=''
LIBS=''
LIBTOOL='$(SHELL) $(top_builddir)/libtool'
LIPO=''
LN_S='ln -s'
LTLIBOBJS=''
MAKEINFO='${SHELL} /home/dprat/nanox-0.7a-AdaptiveDSCR-History/missing --run makeinfo'
MCC=''
MKDIR_P='/bin/mkdir -p'
MKL_LIBS=''
MKL_SUPPORT_FALSE=''
MKL_SUPPORT_TRUE='#'
MPITRACE_BIN=''
MPITRACE_HOME=''
MPITRACE_INC=''
MPITRACE_LIB=''
NANOS_CONFIG_LIBDIRS=''
NANOS_CONFIG_LIBS_DEBUG='  $(abs_top_builddir)/src/arch/smp/debug/libsmp.la $(abs_top_builddir)/src/arch/unix-os/debug/libos.la $(abs_top_builddir)/src/support/debug/libsupport.la'
NANOS_CONFIG_LIBS_INSTR='  $(abs_top_builddir)/src/arch/smp/instrumentation/libsmp.la $(abs_top_builddir)/src/arch/unix-os/instrumentation/libos.la $(abs_top_builddir)/src/support/instrumentation/libsupport.la'
NANOS_CONFIG_LIBS_INSTRDEBUG='  $(abs_top_builddir)/src/arch/smp/instrumentation-debug/libsmp.la $(abs_top_builddir)/src/arch/unix-os/instrumentation-debug/libos.la $(abs_top_builddir)/src/support/instrumentation-debug/libsupport.la'
NANOS_CONFIG_LIBS_PERFO='  $(abs_top_builddir)/src/arch/smp/performance/libsmp.la $(abs_top_builddir)/src/arch/unix-os/performance/libos.la $(abs_top_builddir)/src/support/performance/libsupport.la'
NEXTSIM_HOME=''
NEXTSIM_INC=''
NM='/usr/bin/nm -B'
NMEDIT=''
NVCC=''
OBJDUMP='objdump'
OBJEXT='o'
OPENCL_INC='/usr/include/'
OPENCL_LD=''
OPENCL_SUPPORT_FALSE=''
OPENCL_SUPPORT_TRUE='#'
OPTIONS=''
OS='unix-os'
OTOOL64=''
OTOOL=''
PACKAGE='nanox'
PACKAGE_BUGREPORT='pmtools@bsc.es'
PACKAGE_NAME='nanox'
PACKAGE_STRING='nanox 0.7a'
PACKAGE_TARNAME='nanox'
PACKAGE_VERSION='0.7a'
PAPI_BIN='/home/dprat/Applications/papi-5.3.0/bin'
PAPI_FALSE='#'
PAPI_HOME='/home/dprat/Applications/papi-5.3.0'
PAPI_INC='/home/dprat/Applications/papi-5.3.0/include'
PAPI_LIB='/home/dprat/Applications/papi-5.3.0/lib'
PAPI_TRUE=''
PATH_SEPARATOR=':'
PERFORMANCE_VERSION_FALSE=''
PERFORMANCE_VERSION_TRUE='#'
PPUEMBED=''
RANLIB='ranlib'
SED='/usr/bin/sed'
SET_MAKE=''
SHELL='/bin/sh'
SMP_ARCH='ppc64'
SMP_SUPPORTS_ULT_FALSE='#'
SMP_SUPPORTS_ULT_TRUE=''
SPUCC=''
STRIP='strip'
SUPPORTED_SILENT_RULES_FALSE=''
SUPPORTED_SILENT_RULES_TRUE='#'
USED_VERSION='instrumentation'
VERSION='0.7a'
ac_ct_CC='gcc'
ac_ct_CXX=''
ac_ct_DUMPBIN=''
ac_ct_FC=''
am__fastdepCCAS_FALSE='#'
am__fastdepCCAS_TRUE=''
am__fastdepCC_FALSE='#'
am__fastdepCC_TRUE=''
am__fastdepCXX_FALSE='#'
am__fastdepCXX_TRUE=''
am__include='include'
am__isrc=''
am__leading_dot='.'
am__quote=''
am__tar='${AMTAR} chof - "$$tardir"'
am__untar='${AMTAR} xf -'
bindir='${exec_prefix}/bin'
build='powerpc64-suse-linux-gnu'
build_alias=''
build_cpu='powerpc64'
build_os='linux-gnu'
build_vendor='suse'
datadir='${datarootdir}'
datarootdir='${prefix}/share'
debugdir='${libdir}/debug'
docdir='${datarootdir}/doc/${PACKAGE_TARNAME}'
dvidir='${docdir}'
exec_prefix='${prefix}'
gpu_valid='no'
host='powerpc64-suse-linux-gnu'
host_alias=''
host_cpu='powerpc64'
host_os='linux-gnu'
host_vendor='suse'
htmldir='${docdir}'
includedir='${prefix}/include'
infodir='${datarootdir}/info'
install_sh='$(SHELL) /home/dprat/nanox-0.7a-AdaptiveDSCR-History/install-sh'
instrdebugdir='${libdir}/instrumentation-debug'
instrumentationdir='${libdir}/instrumentation'
libdir='${exec_prefix}/lib'
libexecdir='${exec_prefix}/libexec'
localedir='${datarootdir}/locale'
localstatedir='${prefix}/var'
lt_ECHO='echo'
mandir='${datarootdir}/man'
mcc_valid='no'
mkdir_p='/bin/mkdir -p'
oldincludedir='/usr/include'
opencl_valid='no'
pdfdir='${docdir}'
performancedir='${libdir}/performance'
prefix='/home/dprat/Applications/nanosdynamichistory'
program_transform_name='s,x,x,'
psdir='${docdir}'
sbindir='${exec_prefix}/sbin'
sharedstatedir='${prefix}/com'
sysconfdir='${prefix}/etc'
target='powerpc64-suse-linux-gnu'
target_alias=''
target_cpu='powerpc64'
target_os='linux-gnu'
target_vendor='suse'

## ----------- ##
## confdefs.h. ##
## ----------- ##

#define PACKAGE_NAME "nanox"
#define PACKAGE_TARNAME "nanox"
#define PACKAGE_VERSION "0.7a"
#define PACKAGE_STRING "nanox 0.7a"
#define PACKAGE_BUGREPORT "pmtools@bsc.es"
#define PACKAGE "nanox"
#define VERSION "0.7a"
#define NANOX_BUILD_VERSION "git master a298746 2014-01-31 11:17:16 +0100 developer version"
#define NANOX_CONFIGURE_ARGS "./configure --prefix=/home/dprat/Applications/nanosdynamichistory --with-papi=/home/dprat/Applications/papi-5.3.0 --disable-performance --disable-debug"
#define STDC_HEADERS 1
#define HAVE_SYS_TYPES_H 1
#define HAVE_SYS_STAT_H 1
#define HAVE_STDLIB_H 1
#define HAVE_STRING_H 1
#define HAVE_MEMORY_H 1
#define HAVE_STRINGS_H 1
#define HAVE_INTTYPES_H 1
#define HAVE_STDINT_H 1
#define HAVE_UNISTD_H 1
#define HAVE_DLFCN_H 1
#define LT_OBJDIR ".libs/"
#define STDC_HEADERS 1
#define SIZEOF_SIZE_T 8
#define HAVE_SYNC_BOOL_COMPARE_AND_SWAP_8 1
#define HAVE_SYNC_ADD_AND_FETCH_8 1
#define HAVE_SYNC_SUB_AND_FETCH_8 1
#define HAVE_SYNC_OR_AND_FETCH_8 1
#define HAVE_SYNC_AND_AND_FETCH_8 1
#define HAVE_SYNC_XOR_AND_FETCH_8 1

configure: exit 0
